<?xml version="1.0" encoding="UTF-8"?>
<testsuite xmlns:xsi="http://www.w3.org/2001/XMLSchema-instance" xsi:noNamespaceSchemaLocation="https://maven.apache.org/surefire/maven-surefire-plugin/xsd/surefire-test-report.xsd" name="tests.BurgerConstructorTest" time="25.758" tests="3" errors="0" skipped="0" failures="0">
  <properties>
[...]
</properties>
  <testcase name="saucesButtonActivityTest" classname="tests.BurgerConstructorTest" time="6.667"/>
  <testcase name="fillingsButtonActivityTest" classname="tests.BurgerConstructorTest" time="16.546"/>
  <testcase name="bunsButtonActivityTest" classname="tests.BurgerConstructorTest" time="2.299"/>
</testsuite>